<?xml version="1.0" encoding="UTF-8"?>
<TestRun id="2be08272-e073-48d1-ae13-068e45e9acc6" name="101212783@A302PC11 2019-05-16 14:51:17" runUser="SUTS\101212783" xmlns="http://microsoft.com/schemas/VisualStudio/TeamTest/2010">
  <TestSettings name="Local" id="8a088083-f55d-4a03-91ee-cf6f35e603c8">
    <Description>These are default test settings for a local test run.</Description>
    <Deployment enabled="false" runDeploymentRoot="101212783_A302PC11 2019-05-16 14_51_17">
      <DeploymentItem filename="C:\Users\101212783\Documents\Visual Studio 2010\Projects\ExampleApplication\ExampleApplication\bin\Debug\ExampleApplication.dll" />
    </Deployment>
    <Execution>
      <TestTypeSpecific />
      <AgentRule name="Execution Agents">
      </AgentRule>
    </Execution>
  </TestSettings>
  <Times creation="2019-05-16T14:51:17.8445646+08:00" queuing="2019-05-16T14:51:18.8199993+08:00" start="2019-05-16T14:51:18.8240024+08:00" finish="2019-05-16T14:51:19.0384374+08:00" />
  <ResultSummary outcome="Failed">
    <Counters total="1" executed="1" error="0" failed="1" timeout="0" aborted="0" inconclusive="0" passedButRunAborted="0" notRunnable="0" notExecuted="0" disconnected="0" warning="0" passed="0" completed="0" inProgress="0" pending="0" />
  </ResultSummary>
  <TestDefinitions>
    <UnitTest name="combineArrayStringWithDelimiterTest" storage="c:\users\101212783\documents\visual studio 2010\projects\exampleapplication\testproject1\bin\debug\testproject1.dll" id="f0c416c6-9ec9-8bfb-d631-fe750b9447d4">
      <Execution id="3baf4071-f49a-4f56-af36-873b4172e24d" />
      <TestMethod codeBase="C:/Users/101212783/Documents/Visual Studio 2010/Projects/ExampleApplication/TestProject1/bin/Debug/TestProject1.DLL" adapterTypeName="Microsoft.VisualStudio.TestTools.TestTypes.Unit.UnitTestAdapter, Microsoft.VisualStudio.QualityTools.Tips.UnitTest.Adapter, Version=10.0.0.0, Culture=neutral, PublicKeyToken=b03f5f7f11d50a3a" className="TestProject1.StringUtilitiesTest, TestProject1, Version=1.0.0.0, Culture=neutral, PublicKeyToken=null" name="combineArrayStringWithDelimiterTest" />
    </UnitTest>
  </TestDefinitions>
  <TestLists>
    <TestList name="Results Not in a List" id="8c84fa94-04c1-424b-9868-57a2d4851a1d" />
    <TestList name="All Loaded Results" id="19431567-8539-422a-85d7-44ee4e166bda" />
  </TestLists>
  <TestEntries>
    <TestEntry testId="f0c416c6-9ec9-8bfb-d631-fe750b9447d4" executionId="3baf4071-f49a-4f56-af36-873b4172e24d" testListId="8c84fa94-04c1-424b-9868-57a2d4851a1d" />
  </TestEntries>
  <Results>
    <UnitTestResult executionId="3baf4071-f49a-4f56-af36-873b4172e24d" testId="f0c416c6-9ec9-8bfb-d631-fe750b9447d4" testName="combineArrayStringWithDelimiterTest" computerName="A302PC11" duration="00:00:00.0214126" startTime="2019-05-16T14:51:18.8260038+08:00" endTime="2019-05-16T14:51:19.0294484+08:00" testType="13cdc9d9-ddb5-4fa4-a97d-d965ccfc6d4b" outcome="Failed" testListId="8c84fa94-04c1-424b-9868-57a2d4851a1d" relativeResultsDirectory="3baf4071-f49a-4f56-af36-873b4172e24d">
      <Output>
        <ErrorInfo>
          <Message>Assert.AreEqual failed. Expected:&lt;DP1 is cool&gt;. Actual:&lt;DP1 is cool &gt;. </Message>
          <StackTrace>   at TestProject1.StringUtilitiesTest.combineArrayStringWithDelimiterTest() in C:\Users\101212783\Documents\Visual Studio 2010\Projects\ExampleApplication\TestProject1\StringUtilitiesTest.cs:line 79
</StackTrace>
        </ErrorInfo>
      </Output>
    </UnitTestResult>
  </Results>
</TestRun>