<?xml version="1.0" encoding="UTF-8"?>
<TestRun id="85633664-cb68-4166-9ae6-ded11ab3c624" name="101212783@A302PC11 2019-05-16 15:09:55" runUser="SUTS\101212783" xmlns="http://microsoft.com/schemas/VisualStudio/TeamTest/2010">
  <TestSettings name="Local" id="8a088083-f55d-4a03-91ee-cf6f35e603c8">
    <Description>These are default test settings for a local test run.</Description>
    <Deployment enabled="false" runDeploymentRoot="101212783_A302PC11 2019-05-16 15_09_55">
      <DeploymentItem filename="C:\Users\101212783\Documents\Visual Studio 2010\Projects\ExampleApplication\ExampleApplication\bin\Debug\ExampleApplication.dll" />
    </Deployment>
    <Execution>
      <TestTypeSpecific />
      <AgentRule name="Execution Agents">
      </AgentRule>
    </Execution>
  </TestSettings>
  <Times creation="2019-05-16T15:09:55.9777964+08:00" queuing="2019-05-16T15:09:55.9914659+08:00" start="2019-05-16T15:09:55.9954681+08:00" finish="2019-05-16T15:09:56.2016119+08:00" />
  <ResultSummary outcome="Completed">
    <Counters total="1" executed="1" passed="1" error="0" failed="0" timeout="0" aborted="0" inconclusive="0" passedButRunAborted="0" notRunnable="0" notExecuted="0" disconnected="0" warning="0" completed="0" inProgress="0" pending="0" />
  </ResultSummary>
  <TestDefinitions>
    <UnitTest name="replaceSpacesInStringByHyphensTest" storage="c:\users\101212783\documents\visual studio 2010\projects\exampleapplication\testproject1\bin\debug\testproject1.dll" id="8dbb8456-d7ed-0e16-6095-4eca8fcd447d">
      <Execution id="405d177c-13fa-42ed-a957-aa17ff4c2ede" />
      <TestMethod codeBase="C:/Users/101212783/Documents/Visual Studio 2010/Projects/ExampleApplication/TestProject1/bin/Debug/TestProject1.DLL" adapterTypeName="Microsoft.VisualStudio.TestTools.TestTypes.Unit.UnitTestAdapter, Microsoft.VisualStudio.QualityTools.Tips.UnitTest.Adapter, Version=10.0.0.0, Culture=neutral, PublicKeyToken=b03f5f7f11d50a3a" className="TestProject1.StringUtilitiesTest, TestProject1, Version=1.0.0.0, Culture=neutral, PublicKeyToken=null" name="replaceSpacesInStringByHyphensTest" />
    </UnitTest>
  </TestDefinitions>
  <TestLists>
    <TestList name="Results Not in a List" id="8c84fa94-04c1-424b-9868-57a2d4851a1d" />
    <TestList name="All Loaded Results" id="19431567-8539-422a-85d7-44ee4e166bda" />
  </TestLists>
  <TestEntries>
    <TestEntry testId="8dbb8456-d7ed-0e16-6095-4eca8fcd447d" executionId="405d177c-13fa-42ed-a957-aa17ff4c2ede" testListId="8c84fa94-04c1-424b-9868-57a2d4851a1d" />
  </TestEntries>
  <Results>
    <UnitTestResult executionId="405d177c-13fa-42ed-a957-aa17ff4c2ede" testId="8dbb8456-d7ed-0e16-6095-4eca8fcd447d" testName="replaceSpacesInStringByHyphensTest" computerName="A302PC11" duration="00:00:00.0121435" startTime="2019-05-16T15:09:55.9974695+08:00" endTime="2019-05-16T15:09:56.1916052+08:00" testType="13cdc9d9-ddb5-4fa4-a97d-d965ccfc6d4b" outcome="Passed" testListId="8c84fa94-04c1-424b-9868-57a2d4851a1d" relativeResultsDirectory="405d177c-13fa-42ed-a957-aa17ff4c2ede">
    </UnitTestResult>
  </Results>
</TestRun>