<?xml version="1.0" encoding="UTF-8"?>
<TestRun id="b83325fc-57fa-46b7-be07-733cb0f16a15" name="101212783@A302PC11 2019-05-16 14:58:43" runUser="SUTS\101212783" xmlns="http://microsoft.com/schemas/VisualStudio/TeamTest/2010">
  <TestSettings name="Local" id="8a088083-f55d-4a03-91ee-cf6f35e603c8">
    <Description>These are default test settings for a local test run.</Description>
    <Deployment enabled="false" runDeploymentRoot="101212783_A302PC11 2019-05-16 14_58_43">
      <DeploymentItem filename="C:\Users\101212783\Documents\Visual Studio 2010\Projects\ExampleApplication\ExampleApplication\bin\Debug\ExampleApplication.dll" />
    </Deployment>
    <Execution>
      <TestTypeSpecific />
      <AgentRule name="Execution Agents">
      </AgentRule>
    </Execution>
  </TestSettings>
  <Times creation="2019-05-16T14:58:43.8102713+08:00" queuing="2019-05-16T14:58:43.8258544+08:00" start="2019-05-16T14:58:43.8258544+08:00" finish="2019-05-16T14:58:44.0602171+08:00" />
  <ResultSummary outcome="Failed">
    <Counters total="1" executed="1" error="0" failed="1" timeout="0" aborted="0" inconclusive="0" passedButRunAborted="0" notRunnable="0" notExecuted="0" disconnected="0" warning="0" passed="0" completed="0" inProgress="0" pending="0" />
  </ResultSummary>
  <TestDefinitions>
    <UnitTest name="replaceSpacesInStringByHyphensTest" storage="c:\users\101212783\documents\visual studio 2010\projects\exampleapplication\testproject1\bin\debug\testproject1.dll" id="8dbb8456-d7ed-0e16-6095-4eca8fcd447d">
      <Execution id="d381f865-0c1f-447e-bc5e-1099060aadd1" />
      <TestMethod codeBase="C:/Users/101212783/Documents/Visual Studio 2010/Projects/ExampleApplication/TestProject1/bin/Debug/TestProject1.DLL" adapterTypeName="Microsoft.VisualStudio.TestTools.TestTypes.Unit.UnitTestAdapter, Microsoft.VisualStudio.QualityTools.Tips.UnitTest.Adapter, Version=10.0.0.0, Culture=neutral, PublicKeyToken=b03f5f7f11d50a3a" className="TestProject1.StringUtilitiesTest, TestProject1, Version=1.0.0.0, Culture=neutral, PublicKeyToken=null" name="replaceSpacesInStringByHyphensTest" />
    </UnitTest>
  </TestDefinitions>
  <TestLists>
    <TestList name="Results Not in a List" id="8c84fa94-04c1-424b-9868-57a2d4851a1d" />
    <TestList name="All Loaded Results" id="19431567-8539-422a-85d7-44ee4e166bda" />
  </TestLists>
  <TestEntries>
    <TestEntry testId="8dbb8456-d7ed-0e16-6095-4eca8fcd447d" executionId="d381f865-0c1f-447e-bc5e-1099060aadd1" testListId="8c84fa94-04c1-424b-9868-57a2d4851a1d" />
  </TestEntries>
  <Results>
    <UnitTestResult executionId="d381f865-0c1f-447e-bc5e-1099060aadd1" testId="8dbb8456-d7ed-0e16-6095-4eca8fcd447d" testName="replaceSpacesInStringByHyphensTest" computerName="A302PC11" duration="00:00:00.0199946" startTime="2019-05-16T14:58:43.8258544+08:00" endTime="2019-05-16T14:58:44.0289666+08:00" testType="13cdc9d9-ddb5-4fa4-a97d-d965ccfc6d4b" outcome="Failed" testListId="8c84fa94-04c1-424b-9868-57a2d4851a1d" relativeResultsDirectory="d381f865-0c1f-447e-bc5e-1099060aadd1">
      <Output>
        <ErrorInfo>
          <Message>Assert.AreEqual failed. Expected:&lt;DP1-is-cool&gt;. Actual:&lt;DP1-is-cool-&gt;. </Message>
          <StackTrace>   at TestProject1.StringUtilitiesTest.replaceSpacesInStringByHyphensTest() in C:\Users\101212783\Documents\Visual Studio 2010\Projects\ExampleApplication\TestProject1\StringUtilitiesTest.cs:line 94
</StackTrace>
        </ErrorInfo>
      </Output>
    </UnitTestResult>
  </Results>
</TestRun>